[INFO  - 2016-10-28T00:51:42.902Z] GhostDriver - Main - running on port 29700
[INFO  - 2016-10-28T00:51:43.248Z] Session [b1c734c0-9ca8-11e6-8a14-215613c6e1fa] - page.settings - {"XSSAuditingEnabled":false,"javascriptCanCloseWindows":true,"javascriptCanOpenWindows":true,"javascriptEnabled":true,"loadImages":true,"localToRemoteUrlAccessEnabled":false,"userAgent":"Mozilla/5.0 (Unknown; Linux x86_64) AppleWebKit/538.1 (KHTML, like Gecko) PhantomJS/2.1.1 Safari/538.1","webSecurityEnabled":true}
[INFO  - 2016-10-28T00:51:43.248Z] Session [b1c734c0-9ca8-11e6-8a14-215613c6e1fa] - page.customHeaders:  - {}
[INFO  - 2016-10-28T00:51:43.249Z] Session [b1c734c0-9ca8-11e6-8a14-215613c6e1fa] - Session.negotiatedCapabilities - {"browserName":"phantomjs","version":"2.1.1","driverName":"ghostdriver","driverVersion":"1.2.0","platform":"linux-unknown-64bit","javascriptEnabled":true,"takesScreenshot":true,"handlesAlerts":false,"databaseEnabled":false,"locationContextEnabled":false,"applicationCacheEnabled":false,"browserConnectionEnabled":false,"cssSelectorsEnabled":true,"webStorageEnabled":false,"rotatable":false,"acceptSslCerts":false,"nativeEvents":true,"proxy":{"proxyType":"direct"}}
[INFO  - 2016-10-28T00:51:43.249Z] SessionManagerReqHand - _postNewSessionCommand - New Session Created: b1c734c0-9ca8-11e6-8a14-215613c6e1fa
[INFO  - 2016-10-28T00:51:46.857Z] ShutdownReqHand - _handle - About to shutdown
[INFO  - 2016-10-28T00:52:26.752Z] GhostDriver - Main - running on port 31990
[INFO  - 2016-10-28T00:52:26.822Z] Session [cbc01220-9ca8-11e6-a7a4-11a7e22a6997] - page.settings - {"XSSAuditingEnabled":false,"javascriptCanCloseWindows":true,"javascriptCanOpenWindows":true,"javascriptEnabled":true,"loadImages":true,"localToRemoteUrlAccessEnabled":false,"userAgent":"Mozilla/5.0 (Unknown; Linux x86_64) AppleWebKit/538.1 (KHTML, like Gecko) PhantomJS/2.1.1 Safari/538.1","webSecurityEnabled":true}
[INFO  - 2016-10-28T00:52:26.822Z] Session [cbc01220-9ca8-11e6-a7a4-11a7e22a6997] - page.customHeaders:  - {}
[INFO  - 2016-10-28T00:52:26.822Z] Session [cbc01220-9ca8-11e6-a7a4-11a7e22a6997] - Session.negotiatedCapabilities - {"browserName":"phantomjs","version":"2.1.1","driverName":"ghostdriver","driverVersion":"1.2.0","platform":"linux-unknown-64bit","javascriptEnabled":true,"takesScreenshot":true,"handlesAlerts":false,"databaseEnabled":false,"locationContextEnabled":false,"applicationCacheEnabled":false,"browserConnectionEnabled":false,"cssSelectorsEnabled":true,"webStorageEnabled":false,"rotatable":false,"acceptSslCerts":false,"nativeEvents":true,"proxy":{"proxyType":"direct"}}
[INFO  - 2016-10-28T00:52:26.822Z] SessionManagerReqHand - _postNewSessionCommand - New Session Created: cbc01220-9ca8-11e6-a7a4-11a7e22a6997
[INFO  - 2016-10-28T00:52:34.249Z] ShutdownReqHand - _handle - About to shutdown
[INFO  - 2016-10-28T00:53:38.351Z] GhostDriver - Main - running on port 13530
[INFO  - 2016-10-28T00:53:38.406Z] Session [f66aec20-9ca8-11e6-a7dc-5b49c7f6c49f] - page.settings - {"XSSAuditingEnabled":false,"javascriptCanCloseWindows":true,"javascriptCanOpenWindows":true,"javascriptEnabled":true,"loadImages":true,"localToRemoteUrlAccessEnabled":false,"userAgent":"Mozilla/5.0 (Unknown; Linux x86_64) AppleWebKit/538.1 (KHTML, like Gecko) PhantomJS/2.1.1 Safari/538.1","webSecurityEnabled":true}
[INFO  - 2016-10-28T00:53:38.406Z] Session [f66aec20-9ca8-11e6-a7dc-5b49c7f6c49f] - page.customHeaders:  - {}
[INFO  - 2016-10-28T00:53:38.406Z] Session [f66aec20-9ca8-11e6-a7dc-5b49c7f6c49f] - Session.negotiatedCapabilities - {"browserName":"phantomjs","version":"2.1.1","driverName":"ghostdriver","driverVersion":"1.2.0","platform":"linux-unknown-64bit","javascriptEnabled":true,"takesScreenshot":true,"handlesAlerts":false,"databaseEnabled":false,"locationContextEnabled":false,"applicationCacheEnabled":false,"browserConnectionEnabled":false,"cssSelectorsEnabled":true,"webStorageEnabled":false,"rotatable":false,"acceptSslCerts":false,"nativeEvents":true,"proxy":{"proxyType":"direct"}}
[INFO  - 2016-10-28T00:53:38.406Z] SessionManagerReqHand - _postNewSessionCommand - New Session Created: f66aec20-9ca8-11e6-a7dc-5b49c7f6c49f
[INFO  - 2016-10-28T00:53:45.696Z] ShutdownReqHand - _handle - About to shutdown
[INFO  - 2016-10-28T17:22:19.378Z] GhostDriver - Main - running on port 20917
[INFO  - 2016-10-28T17:22:19.600Z] Session [149ac8c0-9d33-11e6-88bf-171bb6d34762] - page.settings - {"XSSAuditingEnabled":false,"javascriptCanCloseWindows":true,"javascriptCanOpenWindows":true,"javascriptEnabled":true,"loadImages":true,"localToRemoteUrlAccessEnabled":false,"userAgent":"Mozilla/5.0 (Unknown; Linux x86_64) AppleWebKit/538.1 (KHTML, like Gecko) PhantomJS/2.1.1 Safari/538.1","webSecurityEnabled":true}
[INFO  - 2016-10-28T17:22:19.600Z] Session [149ac8c0-9d33-11e6-88bf-171bb6d34762] - page.customHeaders:  - {}
[INFO  - 2016-10-28T17:22:19.600Z] Session [149ac8c0-9d33-11e6-88bf-171bb6d34762] - Session.negotiatedCapabilities - {"browserName":"phantomjs","version":"2.1.1","driverName":"ghostdriver","driverVersion":"1.2.0","platform":"linux-unknown-64bit","javascriptEnabled":true,"takesScreenshot":true,"handlesAlerts":false,"databaseEnabled":false,"locationContextEnabled":false,"applicationCacheEnabled":false,"browserConnectionEnabled":false,"cssSelectorsEnabled":true,"webStorageEnabled":false,"rotatable":false,"acceptSslCerts":false,"nativeEvents":true,"proxy":{"proxyType":"direct"}}
[INFO  - 2016-10-28T17:22:19.601Z] SessionManagerReqHand - _postNewSessionCommand - New Session Created: 149ac8c0-9d33-11e6-88bf-171bb6d34762
[INFO  - 2016-10-28T17:22:31.212Z] ShutdownReqHand - _handle - About to shutdown
[INFO  - 2016-10-28T17:54:29.182Z] GhostDriver - Main - running on port 23141
[INFO  - 2016-10-28T17:54:29.394Z] Session [92d9fae0-9d37-11e6-8682-635c5ca57aaa] - page.settings - {"XSSAuditingEnabled":false,"javascriptCanCloseWindows":true,"javascriptCanOpenWindows":true,"javascriptEnabled":true,"loadImages":true,"localToRemoteUrlAccessEnabled":false,"userAgent":"Mozilla/5.0 (Unknown; Linux x86_64) AppleWebKit/538.1 (KHTML, like Gecko) PhantomJS/2.1.1 Safari/538.1","webSecurityEnabled":true}
[INFO  - 2016-10-28T17:54:29.394Z] Session [92d9fae0-9d37-11e6-8682-635c5ca57aaa] - page.customHeaders:  - {}
[INFO  - 2016-10-28T17:54:29.395Z] Session [92d9fae0-9d37-11e6-8682-635c5ca57aaa] - Session.negotiatedCapabilities - {"browserName":"phantomjs","version":"2.1.1","driverName":"ghostdriver","driverVersion":"1.2.0","platform":"linux-unknown-64bit","javascriptEnabled":true,"takesScreenshot":true,"handlesAlerts":false,"databaseEnabled":false,"locationContextEnabled":false,"applicationCacheEnabled":false,"browserConnectionEnabled":false,"cssSelectorsEnabled":true,"webStorageEnabled":false,"rotatable":false,"acceptSslCerts":false,"nativeEvents":true,"proxy":{"proxyType":"direct"}}
[INFO  - 2016-10-28T17:54:29.395Z] SessionManagerReqHand - _postNewSessionCommand - New Session Created: 92d9fae0-9d37-11e6-8682-635c5ca57aaa
[INFO  - 2016-10-28T17:56:35.251Z] ShutdownReqHand - _handle - About to shutdown
[INFO  - 2016-10-28T17:59:14.497Z] GhostDriver - Main - running on port 1671
[INFO  - 2016-10-28T17:59:14.549Z] Session [3cd12e10-9d38-11e6-88ac-b5545dfa9238] - page.settings - {"XSSAuditingEnabled":false,"javascriptCanCloseWindows":true,"javascriptCanOpenWindows":true,"javascriptEnabled":true,"loadImages":true,"localToRemoteUrlAccessEnabled":false,"userAgent":"Mozilla/5.0 (Unknown; Linux x86_64) AppleWebKit/538.1 (KHTML, like Gecko) PhantomJS/2.1.1 Safari/538.1","webSecurityEnabled":true}
[INFO  - 2016-10-28T17:59:14.549Z] Session [3cd12e10-9d38-11e6-88ac-b5545dfa9238] - page.customHeaders:  - {}
[INFO  - 2016-10-28T17:59:14.549Z] Session [3cd12e10-9d38-11e6-88ac-b5545dfa9238] - Session.negotiatedCapabilities - {"browserName":"phantomjs","version":"2.1.1","driverName":"ghostdriver","driverVersion":"1.2.0","platform":"linux-unknown-64bit","javascriptEnabled":true,"takesScreenshot":true,"handlesAlerts":false,"databaseEnabled":false,"locationContextEnabled":false,"applicationCacheEnabled":false,"browserConnectionEnabled":false,"cssSelectorsEnabled":true,"webStorageEnabled":false,"rotatable":false,"acceptSslCerts":false,"nativeEvents":true,"proxy":{"proxyType":"direct"}}
[INFO  - 2016-10-28T17:59:14.549Z] SessionManagerReqHand - _postNewSessionCommand - New Session Created: 3cd12e10-9d38-11e6-88ac-b5545dfa9238
[INFO  - 2016-10-28T18:00:51.308Z] ShutdownReqHand - _handle - About to shutdown
